# JRE version: OpenJDK Runtime Environment Temurin-17.0.1+12 (17.0.1+12) (build 17.0.1+12)
# Java VM: OpenJDK 64-Bit Server VM Temurin-17.0.1+12 (17.0.1+12, mixed mode, tiered, compressed oops, compressed class ptrs, g1 gc, windows-amd64)
GC Precious Log:
 CPUs: 2 total, 2 available
 Memory: 8068M
 Large Page Support: Disabled
 NUMA Support: Disabled
 Compressed Oops: Enabled (32-bit)
 Heap Region Size: 1M
 Heap Min Capacity: 8M
 Heap Initial Capacity: 128M
 Heap Max Capacity: 2018M
 Pre-touch: Disabled
 Parallel Workers: 2
 Concurrent Workers: 1
 Concurrent Refinement Workers: 2
 Periodic GC: Disabled
Heap:
 garbage-first heap   total 106496K, used 45216K [0x0000000081e00000, 0x0000000100000000)
  region size 1024K, 6 young (6144K), 6 survivors (6144K)
 Metaspace       used 89464K, committed 90176K, reserved 1130496K
  class space    used 12214K, committed 12544K, reserved 1048576K
GC Heap History (20 events):
Event: 9.417 GC heap after
{Heap after GC invocations=19 (full 0):
 garbage-first heap   total 63488K, used 24940K [0x0000000081e00000, 0x0000000100000000)
  region size 1024K, 3 young (3072K), 3 survivors (3072K)
 Metaspace       used 50851K, committed 51328K, reserved 1097728K
  class space    used 6724K, committed 6976K, reserved 1048576K
}
Event: 9.423 GC heap before
{Heap before GC invocations=19 (full 0):
 garbage-first heap   total 63488K, used 48492K [0x0000000081e00000, 0x0000000100000000)
  region size 1024K, 27 young (27648K), 3 survivors (3072K)
 Metaspace       used 50851K, committed 51328K, reserved 1097728K
  class space    used 6724K, committed 6976K, reserved 1048576K
}
Event: 9.426 GC heap after
{Heap after GC invocations=20 (full 0):
 garbage-first heap   total 63488K, used 25027K [0x0000000081e00000, 0x0000000100000000)
  region size 1024K, 2 young (2048K), 2 survivors (2048K)
 Metaspace       used 50851K, committed 51328K, reserved 1097728K
  class space    used 6724K, committed 6976K, reserved 1048576K
}
Event: 9.432 GC heap before
{Heap before GC invocations=20 (full 0):
 garbage-first heap   total 63488K, used 49603K [0x0000000081e00000, 0x0000000100000000)
  region size 1024K, 27 young (27648K), 2 survivors (2048K)
 Metaspace       used 50851K, committed 51328K, reserved 1097728K
  class space    used 6724K, committed 6976K, reserved 1048576K
}
Event: 9.434 GC heap after
{Heap after GC invocations=21 (full 0):
 garbage-first heap   total 63488K, used 25022K [0x0000000081e00000, 0x0000000100000000)
  region size 1024K, 2 young (2048K), 2 survivors (2048K)
 Metaspace       used 50851K, committed 51328K, reserved 1097728K
  class space    used 6724K, committed 6976K, reserved 1048576K
}
Event: 9.440 GC heap before
{Heap before GC invocations=21 (full 0):
 garbage-first heap   total 63488K, used 50622K [0x0000000081e00000, 0x0000000100000000)
  region size 1024K, 28 young (28672K), 2 survivors (2048K)
 Metaspace       used 50851K, committed 51328K, reserved 1097728K
  class space    used 6724K, committed 6976K, reserved 1048576K
}
Event: 9.443 GC heap after
{Heap after GC invocations=22 (full 0):
 garbage-first heap   total 140288K, used 25107K [0x0000000081e00000, 0x0000000100000000)
  region size 1024K, 2 young (2048K), 2 survivors (2048K)
 Metaspace       used 50851K, committed 51328K, reserved 1097728K
  class space    used 6724K, committed 6976K, reserved 1048576K
}
Event: 10.635 GC heap before
{Heap before GC invocations=22 (full 0):
 garbage-first heap   total 140288K, used 106003K [0x0000000081e00000, 0x0000000100000000)
  region size 1024K, 82 young (83968K), 2 survivors (2048K)
 Metaspace       used 54533K, committed 55040K, reserved 1097728K
  class space    used 7168K, committed 7424K, reserved 1048576K
}
Event: 10.648 GC heap after
{Heap after GC invocations=23 (full 0):
 garbage-first heap   total 140288K, used 28304K [0x0000000081e00000, 0x0000000100000000)
  region size 1024K, 5 young (5120K), 5 survivors (5120K)
 Metaspace       used 54533K, committed 55040K, reserved 1097728K
  class space    used 7168K, committed 7424K, reserved 1048576K
}
Event: 11.641 GC heap before
{Heap before GC invocations=23 (full 0):
 garbage-first heap   total 140288K, used 63120K [0x0000000081e00000, 0x0000000100000000)
  region size 1024K, 40 young (40960K), 5 survivors (5120K)
 Metaspace       used 59608K, committed 60096K, reserved 1105920K
  class space    used 7815K, committed 8064K, reserved 1048576K
}
Event: 11.653 GC heap after
{Heap after GC invocations=24 (full 0):
 garbage-first heap   total 140288K, used 31440K [0x0000000081e00000, 0x0000000100000000)
  region size 1024K, 8 young (8192K), 8 survivors (8192K)
 Metaspace       used 59608K, committed 60096K, reserved 1105920K
  class space    used 7815K, committed 8064K, reserved 1048576K
}
Event: 14.882 GC heap before
{Heap before GC invocations=25 (full 0):
 garbage-first heap   total 106496K, used 86736K [0x0000000081e00000, 0x0000000100000000)
  region size 1024K, 62 young (63488K), 8 survivors (8192K)
 Metaspace       used 70909K, committed 71488K, reserved 1114112K
  class space    used 9357K, committed 9664K, reserved 1048576K
}
Event: 14.899 GC heap after
{Heap after GC invocations=26 (full 0):
 garbage-first heap   total 106496K, used 33932K [0x0000000081e00000, 0x0000000100000000)
  region size 1024K, 6 young (6144K), 6 survivors (6144K)
 Metaspace       used 70909K, committed 71488K, reserved 1114112K
  class space    used 9357K, committed 9664K, reserved 1048576K
}
Event: 16.022 GC heap before
{Heap before GC invocations=26 (full 0):
 garbage-first heap   total 106496K, used 83084K [0x0000000081e00000, 0x0000000100000000)
  region size 1024K, 55 young (56320K), 6 survivors (6144K)
 Metaspace       used 78591K, committed 79168K, reserved 1122304K
  class space    used 10442K, committed 10752K, reserved 1048576K
}
Event: 16.032 GC heap after
{Heap after GC invocations=27 (full 0):
 garbage-first heap   total 106496K, used 36394K [0x0000000081e00000, 0x0000000100000000)
  region size 1024K, 5 young (5120K), 5 survivors (5120K)
 Metaspace       used 78591K, committed 79168K, reserved 1122304K
  class space    used 10442K, committed 10752K, reserved 1048576K
}
Event: 17.113 GC heap before
{Heap before GC invocations=27 (full 0):
 garbage-first heap   total 106496K, used 85546K [0x0000000081e00000, 0x0000000100000000)
  region size 1024K, 53 young (54272K), 5 survivors (5120K)
 Metaspace       used 86050K, committed 86720K, reserved 1130496K
  class space    used 11609K, committed 11904K, reserved 1048576K
}
Event: 17.124 GC heap after
{Heap after GC invocations=28 (full 0):
 garbage-first heap   total 106496K, used 39956K [0x0000000081e00000, 0x0000000100000000)
  region size 1024K, 6 young (6144K), 6 survivors (6144K)
 Metaspace       used 86050K, committed 86720K, reserved 1130496K
  class space    used 11609K, committed 11904K, reserved 1048576K
}
Event: 17.583 GC heap before
{Heap before GC invocations=28 (full 0):
 garbage-first heap   total 106496K, used 85012K [0x0000000081e00000, 0x0000000100000000)
  region size 1024K, 51 young (52224K), 6 survivors (6144K)
 Metaspace       used 89458K, committed 90176K, reserved 1130496K
  class space    used 12214K, committed 12544K, reserved 1048576K
}
Event: 17.594 GC heap after
{Heap after GC invocations=29 (full 0):
 garbage-first heap   total 106496K, used 41689K [0x0000000081e00000, 0x0000000100000000)
  region size 1024K, 6 young (6144K), 6 survivors (6144K)
 Metaspace       used 89458K, committed 90176K, reserved 1130496K
  class space    used 12214K, committed 12544K, reserved 1048576K
}
Event: 17.671 GC heap before
{Heap before GC invocations=29 (full 0):
 garbage-first heap   total 106496K, used 85721K [0x0000000081e00000, 0x0000000100000000)
  region size 1024K, 49 young (50176K), 6 survivors (6144K)
 Metaspace       used 89464K, committed 90176K, reserved 1130496K
  class space    used 12214K, committed 12544K, reserved 1048576K
}

