# JRE version: OpenJDK Runtime Environment Temurin-17.0.1+12 (17.0.1+12) (build 17.0.1+12)
# Java VM: OpenJDK 64-Bit Server VM Temurin-17.0.1+12 (17.0.1+12, mixed mode, tiered, compressed oops, compressed class ptrs, g1 gc, windows-amd64)
GC Precious Log:
 CPUs: 2 total, 2 available
 Memory: 8068M
 Large Page Support: Disabled
 NUMA Support: Disabled
 Compressed Oops: Enabled (32-bit)
 Heap Region Size: 1M
 Heap Min Capacity: 8M
 Heap Initial Capacity: 128M
 Heap Max Capacity: 2018M
 Pre-touch: Disabled
 Parallel Workers: 2
 Concurrent Workers: 1
 Concurrent Refinement Workers: 2
 Periodic GC: Disabled
Heap:
 garbage-first heap   total 74752K, used 23837K [0x0000000081e00000, 0x0000000100000000)
  region size 1024K, 1 young (1024K), 1 survivors (1024K)
 Metaspace       used 40560K, committed 41024K, reserved 1089536K
  class space    used 4953K, committed 5184K, reserved 1048576K
GC Heap History (20 events):
Event: 13.746 GC heap after
{Heap after GC invocations=13 (full 0):
 garbage-first heap   total 40960K, used 18372K [0x0000000081e00000, 0x0000000100000000)
  region size 1024K, 3 young (3072K), 3 survivors (3072K)
 Metaspace       used 36778K, committed 37120K, reserved 1089536K
  class space    used 4518K, committed 4672K, reserved 1048576K
}
Event: 13.791 GC heap before
{Heap before GC invocations=13 (full 0):
 garbage-first heap   total 40960K, used 19396K [0x0000000081e00000, 0x0000000100000000)
  region size 1024K, 4 young (4096K), 3 survivors (3072K)
 Metaspace       used 36826K, committed 37120K, reserved 1089536K
  class space    used 4519K, committed 4672K, reserved 1048576K
}
Event: 13.797 GC heap after
{Heap after GC invocations=14 (full 0):
 garbage-first heap   total 40960K, used 18608K [0x0000000081e00000, 0x0000000100000000)
  region size 1024K, 1 young (1024K), 1 survivors (1024K)
 Metaspace       used 36826K, committed 37120K, reserved 1089536K
  class space    used 4519K, committed 4672K, reserved 1048576K
}
Event: 14.167 GC heap before
{Heap before GC invocations=14 (full 0):
 garbage-first heap   total 40960K, used 30896K [0x0000000081e00000, 0x0000000100000000)
  region size 1024K, 13 young (13312K), 1 survivors (1024K)
 Metaspace       used 38644K, committed 38976K, reserved 1089536K
  class space    used 4758K, committed 4928K, reserved 1048576K
}
Event: 14.172 GC heap after
{Heap after GC invocations=15 (full 0):
 garbage-first heap   total 49152K, used 19114K [0x0000000081e00000, 0x0000000100000000)
  region size 1024K, 1 young (1024K), 1 survivors (1024K)
 Metaspace       used 38644K, committed 38976K, reserved 1089536K
  class space    used 4758K, committed 4928K, reserved 1048576K
}
Event: 15.493 GC heap before
{Heap before GC invocations=15 (full 0):
 garbage-first heap   total 49152K, used 36522K [0x0000000081e00000, 0x0000000100000000)
  region size 1024K, 19 young (19456K), 1 survivors (1024K)
 Metaspace       used 39923K, committed 40384K, reserved 1089536K
  class space    used 4916K, committed 5120K, reserved 1048576K
}
Event: 15.498 GC heap after
{Heap after GC invocations=16 (full 0):
 garbage-first heap   total 49152K, used 20499K [0x0000000081e00000, 0x0000000100000000)
  region size 1024K, 3 young (3072K), 3 survivors (3072K)
 Metaspace       used 39923K, committed 40384K, reserved 1089536K
  class space    used 4916K, committed 5120K, reserved 1048576K
}
Event: 15.944 GC heap before
{Heap before GC invocations=16 (full 0):
 garbage-first heap   total 49152K, used 36883K [0x0000000081e00000, 0x0000000100000000)
  region size 1024K, 20 young (20480K), 3 survivors (3072K)
 Metaspace       used 40154K, committed 40576K, reserved 1089536K
  class space    used 4919K, committed 5120K, reserved 1048576K
}
Event: 15.949 GC heap after
{Heap after GC invocations=17 (full 0):
 garbage-first heap   total 49152K, used 21482K [0x0000000081e00000, 0x0000000100000000)
  region size 1024K, 3 young (3072K), 3 survivors (3072K)
 Metaspace       used 40154K, committed 40576K, reserved 1089536K
  class space    used 4919K, committed 5120K, reserved 1048576K
}
Event: 17.960 GC heap before
{Heap before GC invocations=17 (full 0):
 garbage-first heap   total 49152K, used 36842K [0x0000000081e00000, 0x0000000100000000)
  region size 1024K, 19 young (19456K), 3 survivors (3072K)
 Metaspace       used 40280K, committed 40704K, reserved 1089536K
  class space    used 4920K, committed 5120K, reserved 1048576K
}
Event: 17.965 GC heap after
{Heap after GC invocations=18 (full 0):
 garbage-first heap   total 49152K, used 22918K [0x0000000081e00000, 0x0000000100000000)
  region size 1024K, 3 young (3072K), 3 survivors (3072K)
 Metaspace       used 40280K, committed 40704K, reserved 1089536K
  class space    used 4920K, committed 5120K, reserved 1048576K
}
Event: 18.651 GC heap before
{Heap before GC invocations=18 (full 0):
 garbage-first heap   total 49152K, used 38278K [0x0000000081e00000, 0x0000000100000000)
  region size 1024K, 18 young (18432K), 3 survivors (3072K)
 Metaspace       used 40354K, committed 40768K, reserved 1089536K
  class space    used 4921K, committed 5120K, reserved 1048576K
}
Event: 18.655 GC heap after
{Heap after GC invocations=19 (full 0):
 garbage-first heap   total 49152K, used 23474K [0x0000000081e00000, 0x0000000100000000)
  region size 1024K, 2 young (2048K), 2 survivors (2048K)
 Metaspace       used 40354K, committed 40768K, reserved 1089536K
  class space    used 4921K, committed 5120K, reserved 1048576K
}
Event: 20.716 GC heap before
{Heap before GC invocations=19 (full 0):
 garbage-first heap   total 49152K, used 38834K [0x0000000081e00000, 0x0000000100000000)
  region size 1024K, 18 young (18432K), 2 survivors (2048K)
 Metaspace       used 40547K, committed 41024K, reserved 1089536K
  class space    used 4950K, committed 5184K, reserved 1048576K
}
Event: 20.721 GC heap after
{Heap after GC invocations=20 (full 0):
 garbage-first heap   total 49152K, used 23775K [0x0000000081e00000, 0x0000000100000000)
  region size 1024K, 2 young (2048K), 2 survivors (2048K)
 Metaspace       used 40547K, committed 41024K, reserved 1089536K
  class space    used 4950K, committed 5184K, reserved 1048576K
}
Event: 20.731 GC heap before
{Heap before GC invocations=20 (full 0):
 garbage-first heap   total 49152K, used 37087K [0x0000000081e00000, 0x0000000100000000)
  region size 1024K, 16 young (16384K), 2 survivors (2048K)
 Metaspace       used 40559K, committed 41024K, reserved 1089536K
  class space    used 4952K, committed 5184K, reserved 1048576K
}
Event: 20.736 GC heap after
{Heap after GC invocations=21 (full 0):
 garbage-first heap   total 49152K, used 24180K [0x0000000081e00000, 0x0000000100000000)
  region size 1024K, 1 young (1024K), 1 survivors (1024K)
 Metaspace       used 40559K, committed 41024K, reserved 1089536K
  class space    used 4952K, committed 5184K, reserved 1048576K
}
Event: 20.752 GC heap before
{Heap before GC invocations=21 (full 0):
 garbage-first heap   total 49152K, used 37492K [0x0000000081e00000, 0x0000000100000000)
  region size 1024K, 15 young (15360K), 1 survivors (1024K)
 Metaspace       used 40559K, committed 41024K, reserved 1089536K
  class space    used 4952K, committed 5184K, reserved 1048576K
}
Event: 20.753 GC heap after
{Heap after GC invocations=22 (full 0):
 garbage-first heap   total 49152K, used 23898K [0x0000000081e00000, 0x0000000100000000)
  region size 1024K, 1 young (1024K), 1 survivors (1024K)
 Metaspace       used 40559K, committed 41024K, reserved 1089536K
  class space    used 4952K, committed 5184K, reserved 1048576K
}
Event: 20.764 GC heap before
{Heap before GC invocations=22 (full 0):
 garbage-first heap   total 68608K, used 38234K [0x0000000081e00000, 0x0000000100000000)
  region size 1024K, 16 young (16384K), 1 survivors (1024K)
 Metaspace       used 40560K, committed 41024K, reserved 1089536K
  class space    used 4953K, committed 5184K, reserved 1048576K
}

